2394070272
770257152
2186266048
3634290176
3903362912
457411136
226652032
4055355392
795097152
2072588864
3524753728
3710856128
3538640896
1190358240
987150080
2179361664
4114263808
845619296
4199513952
1829934720
203838976
3258415424
1795235328
3213741984
1319644928
1685845888
3619561472
871546880
520170432
1203183712
1187491072
560434496
3154952640
1885824224
2301589824
2367003648
2217575296
3778533952
3423579392
1936739264
195759104
1667052096
3884304256
2745137472
4106872448
2300761600
3594468512
4110175360
1543116704
11874048
428135936
1279020160
2553057280
3733188512
945794304
1753421088
2128569568
2504027008
2599641088
112013472
1899985216
2551586048
1765829504
1108481664
1825277440
4107457696
606019680
3086426208
3103750464
1340319744
3723173984
1065428480
545542048
4175445856
3181670304
1527817664
1424222112
1928716128
2149033376
1522321888
1249267008
551415296
3715869952
1599545440
523681312
1129801792
1633693440
1939009440
2532032960
1116694400
3149340768
2338784896
1374440768
3523180864
1894231296
4264895488
2022681856
2587604992
2779318688
2741256768
