3977591808
2153376768
545004800
1996466432
488477760
3870630656
2218943424
2407974912
3561216
3917573888
14857984
3682232800
3238785024
3718938688
3503134592
2249554432
4104000128
890335552
1926710336
682165760
820234240
1447474944
3591022848
1160300992
1601196672
2477298624
51310592
2240847872
1068919264
3056505152
2054437888
2786277120
2885922048
3301118016
2879305472
428269056
1832147456
3282756352
92552192
3661343200
1264107008
705785600
1175876544
3142498048
3758147072
4031086336
893888320
467133952
1239126336
1459999360
1131642624
2137515520
2939189248
773851584
1049508864
3908927488
2611155008
3012393472
2580566016
83443520
2550314752
573520896
3834477056
1789068800
1787824128
1957918528
3407098176
648671552
1216526080
1079878656
1807913280
1140295680
3229206976
4111844416
2001930688
1160944896
2192355328
3217589312
433139712
2082010688
469513984
2934124288
1332362240
200413504
2297954304
2807600896
2280936064
3608283584
3806571776
138359744
1256845632
719209984
2000959232
2087630592
3787865088
2321538560
1004420096
2858382336
3005050176
2828971776
